This is pdfTeX, Version 3.1415926-2.5-1.40.14 (TeX Live 2013) (format=pdflatex 2017.8.9)  20 APR 2018 09:46
entering extended mode
 restricted \write18 enabled.
 %&-line parsing enabled.
**Isolating_Soil_DNA_v01.tex
(./Isolating_Soil_DNA_v01.tex
LaTeX2e <2011/06/27>
Babel <v3.8m> and hyphenation patterns for english, dumylang, nohyphenation, uk
rainian, russian, bulgarian, loaded.

! LaTeX Error: File `../SOP3_alpha.cls' not found.

Type X to quit or <RETURN> to proceed,
or enter new name. (Default extension: cls)

Enter file name: 
! Emergency stop.
<read *> 
         
l.7 \documentclass[12pt]{../SOP3_alpha}\usepackage
                                                  []{graphicx}\usepackage[]{...
*** (cannot \read from terminal in nonstop modes)

 
Here is how much of TeX's memory you used:
 11 strings out of 494820
 267 string characters out of 3178050
 47764 words of memory out of 3000000
 3298 multiletter control sequences out of 15000+200000
 3640 words of font info for 14 fonts, out of 3000000 for 9000
 198 hyphenation exceptions out of 8191
 10i,0n,7p,130b,8s stack positions out of 5000i,500n,10000p,200000b,50000s
!  ==> Fatal error occurred, no output PDF file produced!
