This is pdfTeX, Version 3.14159265-2.6-1.40.19 (TeX Live 2018) (preloaded format=pdflatex 2023.6.21)  21 JUN 2023 01:49
entering extended mode
 restricted \write18 enabled.
 %&-line parsing enabled.
**Soil_Sampling.tex
(./Soil_Sampling.tex
LaTeX2e <2017-04-15>
Babel <3.17> and hyphenation patterns for 3 language(s) loaded.

! LaTeX Error: File `../SOP2.cls' not found.

Type X to quit or <RETURN> to proceed,
or enter new name. (Default extension: cls)

Enter file name: 
! Emergency stop.
<read *> 
         
l.1 \documentclass[12pt]{../SOP2}\usepackage
                                            []{graphicx}\usepackage[]{xcolor...
*** (cannot \read from terminal in nonstop modes)

 
Here is how much of TeX's memory you used:
 11 strings out of 494917
 208 string characters out of 6180699
 45840 words of memory out of 5000000
 3426 multiletter control sequences out of 15000+600000
 3640 words of font info for 14 fonts, out of 8000000 for 9000
 14 hyphenation exceptions out of 8191
 10i,0n,7p,110b,8s stack positions out of 5000i,500n,10000p,200000b,80000s
!  ==> Fatal error occurred, no output PDF file produced!
