This is pdfTeXk, Version 3.141592-1.40.3 (Web2C 7.5.6) (format=pdflatex 2015.10.2)  18 AUG 2016 07:52
entering extended mode
 %&-line parsing enabled.
**Soil_Texture_Analysis_160815.tex
(./Soil_Texture_Analysis_160815.tex
LaTeX2e <2005/12/01>
Babel <v3.8h> and hyphenation patterns for english, usenglishmax, dumylang, noh
yphenation, arabic, basque, bulgarian, coptic, welsh, czech, slovak, german, ng
erman, danish, esperanto, spanish, catalan, galician, estonian, farsi, finnish,
 french, greek, monogreek, ancientgreek, croatian, hungarian, interlingua, ibyc
us, indonesian, icelandic, italian, latin, mongolian, dutch, norsk, polish, por
tuguese, pinyin, romanian, russian, slovenian, uppersorbian, serbian, swedish, 
turkish, ukenglish, ukrainian, loaded.
(/usr/share/texmf/tex/latex/tufte-latex/tufte-handout.cls
Document Class: tufte-handout 2015/06/21 v3.5.2 Tufte-handout class
(/usr/share/texmf/tex/latex/tufte-latex/tufte-common.def
File: tufte-common.def 2015/06/21 v3.5.2 Common code for the Tufte-LaTeX styles


(/usr/share/texmf/tex/latex/xkeyval/xkeyval.sty
Package: xkeyval 2006/11/18 v2.5f package option processing (HA)

(/usr/share/texmf/tex/latex/xkeyval/xkeyval.tex
\XKV@toks=\toks14
\XKV@depth=\count79
File: xkeyval.tex 2006/11/18 v2.5f key=value parser (HA)

(/usr/share/texmf/tex/latex/xkeyval/keyval.tex)))
(/usr/share/texmf/tex/latex/xifthen/xifthen.sty
Package: xifthen 2006/03/25 v1.1.1.1 Extended ifthen features

(/usr/share/texmf/tex/latex/etex/etex.sty
Package: etex 1998/03/26 v2.0 eTeX basic definition package (PEB)
\et@xins=\count80
)
(/usr/share/texmf/tex/latex/tools/calc.sty
Package: calc 2005/08/06 v4.2 Infix arithmetic (KKT,FJ)
\calc@Acount=\count81
\calc@Bcount=\count82
\calc@Adimen=\dimen102
\calc@Bdimen=\dimen103
\calc@Askip=\skip41
\calc@Bskip=\skip42
LaTeX Info: Redefining \setlength on input line 75.
LaTeX Info: Redefining \addtolength on input line 76.
\calc@Ccount=\count83
\calc@Cskip=\skip43
)
(/usr/share/texmf/tex/latex/base/ifthen.sty
Package: ifthen 2001/05/26 v1.1c Standard LaTeX ifthen package (DPC)
)
(/usr/share/texmf/tex/latex/ltxmisc/ifmtarg.sty
Package: ifmtarg 2000/03/24 v1.2 check for an empty argument
))
(/usr/share/texmf/tex/latex/hardwrap/hardwrap.sty
Package: hardwrap 2011/02/12 v0.2 Hard wrap messages

(/usr/share/texmf/tex/latex_2015/ifplatform/ifplatform.sty
Package: ifplatform 2010/10/22 v0.4 Testing for the operating system

(/usr/share/texmf/tex/latex_2015/oberdiek/pdftexcmds.sty
Package: pdftexcmds 2016/05/21 v0.22 Utility functions of pdfTeX for LuaTeX (HO
)

(/usr/share/texmf/tex/latex_2015/oberdiek/infwarerr.sty
Package: infwarerr 2016/05/16 v1.4 Providing info/warning/error messages (HO)
)
(/usr/share/texmf/tex/latex/oberdiek/ifluatex.sty
Package: ifluatex 2016/05/16 v1.4 Provides the ifluatex switch (HO)
Package ifluatex Info: LuaTeX not detected.
)
(/usr/share/texmf/tex/latex/oberdiek/ltxcmds.sty
Package: ltxcmds 2016/05/16 v1.23 LaTeX kernel commands for general use (HO)
)
(/usr/share/texmf/tex/latex/oberdiek/ifpdf.sty
Package: ifpdf 2016/05/14 v3.1 Provides the ifpdf switch
)
Package pdftexcmds Info: LuaTeX not detected.
Package pdftexcmds Info: \pdf@primitive disabled, because
(pdftexcmds)             \pdfprimitive is broken until pdfTeX 1.40.4.
Package pdftexcmds Info: \pdf@primitive is not available.
Package pdftexcmds Info: \pdf@ifprimitive is available.
Package pdftexcmds Info: \pdfdraftmode found.
)
(/usr/share/texmf/tex/latex/oberdiek/catchfile.sty
Package: catchfile 2016/05/16 v1.7 Catch the contents of a file (HO)

(/usr/share/texmf/tex/latex/oberdiek/etexcmds.sty
Package: etexcmds 2016/05/16 v1.6 Avoid name clashes with e-TeX commands (HO)
Package etexcmds Info: Could not find \expanded.
(etexcmds)             That can mean that you are not using pdfTeX 1.50 or
(etexcmds)             that some package has redefined \expanded.
(etexcmds)             In the latter case, load this package earlier.
))

Package ifplatform Warning: 
    shell escape is disabled, so I can only detect \ifwindows.

) (/usr/share/texmf/tex/latex/ifxetex/ifxetex.sty
Package: ifxetex 2010/09/12 v0.6 Provides ifxetex conditional
)
\hw@charcount=\count84
\hw@wordcount=\count85
\hw@maxprintline=\count86
)
Class tufte-handout Info: Loading the base class `article'

(/usr/share/texmf/tex/latex/base/article.cls
Document Class: article 2005/09/16 v1.4f Standard LaTeX document class
(/usr/share/texmf/tex/latex/base/size10.clo
File: size10.clo 2005/09/16 v1.4f Standard LaTeX file (size option)
)
\c@part=\count87
\c@section=\count88
\c@subsection=\count89
\c@subsubsection=\count90
\c@paragraph=\count91
\c@subparagraph=\count92
\c@figure=\count93
\c@table=\count94
\abovecaptionskip=\skip44
\belowcaptionskip=\skip45
\bibindent=\dimen104
)
(/usr/share/texmf/tex/latex/titlesec/titlesec.sty
Package: titlesec 2005/01/22 v2.6 Sectioning titles
\ttl@box=\box26
\beforetitleunit=\skip46
\aftertitleunit=\skip47
\ttl@plus=\dimen105
\ttl@minus=\dimen106
\titlewidth=\dimen107
\titlewidthlast=\dimen108
\titlewidthfirst=\dimen109
)
(/usr/share/texmf/tex/latex/titlesec/titletoc.sty
Package: titletoc 2005/01/22 v1.5 TOC entries
)
(/usr/share/texmf/tex/latex/hyperref/hyperref.sty
Package: hyperref 2007/02/07 v6.75r Hypertext links for LaTeX
\@linkdim=\dimen110
\Hy@linkcounter=\count95
\Hy@pagecounter=\count96

(/usr/share/texmf/tex/latex/hyperref/pd1enc.def
File: pd1enc.def 2007/02/07 v6.75r Hyperref: PDFDocEncoding definition (HO)
)
(/usr/share/texmf/tex/latex/config/hyperref.cfg
File: hyperref.cfg 2002/06/06 v1.2 hyperref configuration of TeXLive
)
(/usr/share/texmf/tex/latex/oberdiek/kvoptions.sty
Package: kvoptions 2006/08/22 v2.4 Connects package keyval with LaTeX options (
HO)
)
Package hyperref Info: Option `unicode' set `true' on input line 2238.

(/usr/share/texmf/tex/latex/hyperref/puenc.def
File: puenc.def 2007/02/07 v6.75r Hyperref: PDF Unicode definition (HO)
)
Package hyperref Info: Option `hyperfootnotes' set `false' on input line 2238.
Package hyperref Info: Hyper figures OFF on input line 2288.
Package hyperref Info: Link nesting OFF on input line 2293.
Package hyperref Info: Hyper index ON on input line 2296.
Package hyperref Info: Plain pages OFF on input line 2303.
Package hyperref Info: Backreferencing OFF on input line 2308.

Implicit mode ON; LaTeX internals redefined
Package hyperref Info: Bookmarks ON on input line 2444.
(/usr/share/texmf/tex/latex/ltxmisc/url.sty
\Urlmuskip=\muskip10
Package: url 2005/06/27  ver 3.2  Verb mode for urls, etc.
)
LaTeX Info: Redefining \url on input line 2599.
\Fld@menulength=\count97
\Field@Width=\dimen111
\Fld@charsize=\dimen112
\Choice@toks=\toks15
\Field@toks=\toks16
Package hyperref Info: Hyper figures OFF on input line 3102.
Package hyperref Info: Link nesting OFF on input line 3107.
Package hyperref Info: Hyper index ON on input line 3110.
Package hyperref Info: backreferencing OFF on input line 3117.
Package hyperref Info: Link coloring OFF on input line 3122.
\Hy@abspage=\count98
\c@Item=\count99
)
*hyperref using default driver hpdftex*
(/usr/share/texmf/tex/latex/hyperref/hpdftex.def
File: hpdftex.def 2007/02/07 v6.75r Hyperref driver for pdfTeX
\Fld@listcount=\count100
)
(/usr/share/texmf/tex/latex/ragged2e/ragged2e.sty
Package: ragged2e 2003/03/25 v2.04 ragged2e Package (MS)

(/usr/share/texmf/tex/latex/everysel/everysel.sty
Package: everysel 1999/06/08 v1.03 EverySelectfont Package (MS)
)
\CenteringLeftskip=\skip48
\RaggedLeftLeftskip=\skip49
\RaggedRightLeftskip=\skip50
\CenteringRightskip=\skip51
\RaggedLeftRightskip=\skip52
\RaggedRightRightskip=\skip53
\CenteringParfillskip=\skip54
\RaggedLeftParfillskip=\skip55
\RaggedRightParfillskip=\skip56
\JustifyingParfillskip=\skip57
\CenteringParindent=\skip58
\RaggedLeftParindent=\skip59
\RaggedRightParindent=\skip60
\JustifyingParindent=\skip61
)
(/usr/share/texmf/tex/latex/geometry/geometry.sty
Package: geometry 2010/09/12 v5.6 Page Geometry

(/usr/share/texmf/tex/generic/oberdiek/ifvtex.sty
Package: ifvtex 2007/01/10 v1.2 Switches for detecting VTeX and its modes (HO)
Package ifvtex Info: VTeX not detected.
)
\Gm@cnth=\count101
\Gm@cntv=\count102
\c@Gm@tempcnt=\count103
\Gm@bindingoffset=\dimen113
\Gm@wd@mp=\dimen114
\Gm@odd@mp=\dimen115
\Gm@even@mp=\dimen116
\Gm@layoutwidth=\dimen117
\Gm@layoutheight=\dimen118
\Gm@layouthoffset=\dimen119
\Gm@layoutvoffset=\dimen120
\Gm@dimlist=\toks17

(/usr/share/texmf/tex/latex/geometry/geometry.cfg))
(/usr/share/texmf/tex/latex_2015/changepage/changepage.sty
Package: changepage 2009/10/20 v1.0c check page and change page layout
\c@cp@cntr=\count104
\cp@tempcnt=\count105
)
\@tufte@overhang=\skip62
\@tufte@fullwidth=\skip63
\@tufte@caption@fill=\skip64

(/usr/share/texmf/tex/latex/paralist/paralist.sty
Package: paralist 2002/03/18 v2.3b Extended list environments (BS)
\pltopsep=\skip65
\plpartopsep=\skip66
\plitemsep=\skip67
\plparsep=\skip68
\pl@lab=\toks18
)
(/usr/share/texmf/tex/latex/textcase/textcase.sty
Package: textcase 2004/10/07 v0.07 Text only upper/lower case changing (DPC)
)
(/usr/share/texmf/tex/latex/microtype/letterspace.sty
Package: letterspace 2007/01/21 v1.0 Robust letterspacing (RS)
LaTeX Info: Redefining \lsstyle on input line 135.
LaTeX Info: Redefining \lslig on input line 166.
LaTeX Info: Redefining \textls on input line 180.
\MT@lskern=\dimen121
)
(/usr/share/texmf/tex/latex/setspace/setspace.sty
Package: setspace 2000/12/01 6.7 Contributed and Supported LaTeX2e package

Package: `setspace' 6.7 <2000/12/01>
) (/usr/share/texmf/tex/latex/xcolor/xcolor.sty
Package: xcolor 2007/01/21 v2.11 LaTeX color extensions (UK)

(/usr/share/texmf/tex/latex/config/color.cfg
File: color.cfg 2007/01/18 v1.5 color configuration of teTeX/TeXLive
)
Package xcolor Info: Package option `usenames' ignored on input line 216.
Package xcolor Info: Driver file: pdftex.def on input line 225.

(/usr/share/texmf/tex/latex/pdftex-def/pdftex.def
File: pdftex.def 2007/01/08 v0.04d Graphics/color for pdfTeX
\Gread@gobject=\count106
)
Package xcolor Info: Model `cmy' substituted by `cmy0' on input line 1337.
Package xcolor Info: Model `hsb' substituted by `rgb' on input line 1341.
Package xcolor Info: Model `RGB' extended on input line 1353.
Package xcolor Info: Model `HTML' substituted by `rgb' on input line 1355.
Package xcolor Info: Model `Hsb' substituted by `hsb' on input line 1356.
Package xcolor Info: Model `tHsb' substituted by `hsb' on input line 1357.
Package xcolor Info: Model `HSB' substituted by `hsb' on input line 1358.
Package xcolor Info: Model `Gray' substituted by `gray' on input line 1359.
Package xcolor Info: Model `wave' substituted by `hsb' on input line 1360.

(/usr/share/texmf/tex/latex/graphics/dvipsnam.def
File: dvipsnam.def 1999/02/16 v3.0i Driver-dependant file (DPC,SPQR)
)
(/usr/share/texmf/tex/latex/xcolor/svgnam.def
File: svgnam.def 2007/01/21 v2.11 Predefined colors according to SVG 1.1 (UK)
))
(/usr/share/texmf/tex/latex/natbib/natbib.sty
Package: natbib 2007/02/05 8.0 (PWD)
\bibhang=\skip69
\bibsep=\skip70
LaTeX Info: Redefining \cite on input line 602.
\c@NAT@ctr=\count107
)
(/usr/share/texmf/tex/latex/natbib/bibentry.sty
Package: bibentry 2000/06/20 1.4 (PWD)
)
(./Soil_Texture_Analysis_160815.bbl)
\c@@tufte@num@bibkeys=\count108

(/usr/share/texmf/tex/latex/sauerj/optparams.sty
Package: optparams 2004/08/14 v0.9 multiple optional parameters in macros
)
\@tufte@sidenote@vertical@offset=\skip71

(/usr/share/texmf/tex/latex/placeins/placeins.sty
Package: placeins 2005/04/18  v 2.2
)
\@tufte@margin@floatbox=\box27
\@tufte@figure@box=\box28
\@tufte@caption@box=\box29
\@tufte@caption@vertical@offset=\skip72
\@tufte@float@contents@width=\skip73

(/usr/share/texmf/tex/latex/psnfss/mathpazo.sty
Package: mathpazo 2005/04/12 PSNFSS-v9.2a Palatino w/ Pazo Math (D.Puga, WaS) 
\symupright=\mathgroup4
)
(/usr/share/texmf/tex/latex/psnfss/helvet.sty
Package: helvet 2005/04/12 PSNFSS-v9.2a (WaS) 
)
(/usr/share/texmf/tex/latex_2015/bera/beramono.sty
Package: beramono 2004/01/31 (WaS)
)
(/usr/share/texmf/tex/latex/base/fontenc.sty
Package: fontenc 2005/09/27 v1.99g Standard LaTeX package

(/usr/share/texmf/tex/latex/base/t1enc.def
File: t1enc.def 2005/09/27 v1.99g Standard LaTeX file
LaTeX Font Info:    Redeclaring font encoding T1 on input line 43.
))
(/usr/share/texmf/tex/latex/base/textcomp.sty
Package: textcomp 2005/09/27 v1.99g Standard LaTeX package
Package textcomp Info: Sub-encoding information:
(textcomp)               5 = only ISO-Adobe without \textcurrency
(textcomp)               4 = 5 + \texteuro
(textcomp)               3 = 4 + \textohm
(textcomp)               2 = 3 + \textestimated + \textcurrency
(textcomp)               1 = TS1 - \textcircled - \t
(textcomp)               0 = TS1 (full)
(textcomp)             Font families with sub-encoding setting implement
(textcomp)             only a restricted character set as indicated.
(textcomp)             Family '?' is the default used for unknown fonts.
(textcomp)             See the documentation for details.
Package textcomp Info: Setting ? sub-encoding to TS1/1 on input line 71.

(/usr/share/texmf/tex/latex/base/ts1enc.def
File: ts1enc.def 2001/06/05 v3.0e (jk/car/fm) Standard LaTeX file
)
LaTeX Info: Redefining \oldstylenums on input line 266.
Package textcomp Info: Setting cmr sub-encoding to TS1/0 on input line 281.
Package textcomp Info: Setting cmss sub-encoding to TS1/0 on input line 282.
Package textcomp Info: Setting cmtt sub-encoding to TS1/0 on input line 283.
Package textcomp Info: Setting cmvtt sub-encoding to TS1/0 on input line 284.
Package textcomp Info: Setting cmbr sub-encoding to TS1/0 on input line 285.
Package textcomp Info: Setting cmtl sub-encoding to TS1/0 on input line 286.
Package textcomp Info: Setting ccr sub-encoding to TS1/0 on input line 287.
Package textcomp Info: Setting ptm sub-encoding to TS1/4 on input line 288.
Package textcomp Info: Setting pcr sub-encoding to TS1/4 on input line 289.
Package textcomp Info: Setting phv sub-encoding to TS1/4 on input line 290.
Package textcomp Info: Setting ppl sub-encoding to TS1/3 on input line 291.
Package textcomp Info: Setting pag sub-encoding to TS1/4 on input line 292.
Package textcomp Info: Setting pbk sub-encoding to TS1/4 on input line 293.
Package textcomp Info: Setting pnc sub-encoding to TS1/4 on input line 294.
Package textcomp Info: Setting pzc sub-encoding to TS1/4 on input line 295.
Package textcomp Info: Setting bch sub-encoding to TS1/4 on input line 296.
Package textcomp Info: Setting put sub-encoding to TS1/5 on input line 297.
Package textcomp Info: Setting uag sub-encoding to TS1/5 on input line 298.
Package textcomp Info: Setting ugq sub-encoding to TS1/5 on input line 299.
Package textcomp Info: Setting ul8 sub-encoding to TS1/4 on input line 300.
Package textcomp Info: Setting ul9 sub-encoding to TS1/4 on input line 301.
Package textcomp Info: Setting augie sub-encoding to TS1/5 on input line 302.
Package textcomp Info: Setting dayrom sub-encoding to TS1/3 on input line 303.
Package textcomp Info: Setting dayroms sub-encoding to TS1/3 on input line 304.

Package textcomp Info: Setting pxr sub-encoding to TS1/0 on input line 305.
Package textcomp Info: Setting pxss sub-encoding to TS1/0 on input line 306.
Package textcomp Info: Setting pxtt sub-encoding to TS1/0 on input line 307.
Package textcomp Info: Setting txr sub-encoding to TS1/0 on input line 308.
Package textcomp Info: Setting txss sub-encoding to TS1/0 on input line 309.
Package textcomp Info: Setting txtt sub-encoding to TS1/0 on input line 310.
Package textcomp Info: Setting futs sub-encoding to TS1/4 on input line 311.
Package textcomp Info: Setting futx sub-encoding to TS1/4 on input line 312.
Package textcomp Info: Setting futj sub-encoding to TS1/4 on input line 313.
Package textcomp Info: Setting hlh sub-encoding to TS1/3 on input line 314.
Package textcomp Info: Setting hls sub-encoding to TS1/3 on input line 315.
Package textcomp Info: Setting hlst sub-encoding to TS1/3 on input line 316.
Package textcomp Info: Setting hlct sub-encoding to TS1/5 on input line 317.
Package textcomp Info: Setting hlx sub-encoding to TS1/5 on input line 318.
Package textcomp Info: Setting hlce sub-encoding to TS1/5 on input line 319.
Package textcomp Info: Setting hlcn sub-encoding to TS1/5 on input line 320.
Package textcomp Info: Setting hlcw sub-encoding to TS1/5 on input line 321.
Package textcomp Info: Setting hlcf sub-encoding to TS1/5 on input line 322.
Package textcomp Info: Setting pplx sub-encoding to TS1/3 on input line 323.
Package textcomp Info: Setting pplj sub-encoding to TS1/3 on input line 324.
Package textcomp Info: Setting ptmx sub-encoding to TS1/4 on input line 325.
Package textcomp Info: Setting ptmj sub-encoding to TS1/4 on input line 326.
)
(/usr/share/texmf/tex/latex/fancyhdr/fancyhdr.sty
\fancy@headwidth=\skip74
\f@ncyO@elh=\skip75
\f@ncyO@erh=\skip76
\f@ncyO@olh=\skip77
\f@ncyO@orh=\skip78
\f@ncyO@elf=\skip79
\f@ncyO@erf=\skip80
\f@ncyO@olf=\skip81
\f@ncyO@orf=\skip82
)
\tufteskipamount=\skip83

(/usr/share/texmf/tex/latex/tools/multicol.sty
Package: multicol 2006/05/18 v1.6g multicolumn formatting (FMi)
\c@tracingmulticols=\count109
\mult@box=\box30
\multicol@leftmargin=\dimen122
\c@unbalance=\count110
\c@collectmore=\count111
\doublecol@number=\count112
\multicoltolerance=\count113
\multicolpretolerance=\count114
\full@width=\dimen123
\page@free=\dimen124
\premulticols=\dimen125
\postmulticols=\dimen126
\multicolsep=\skip84
\multicolbaselineskip=\skip85
\partial@page=\box31
\last@line=\box32
\mult@rightbox=\box33
\mult@grightbox=\box34
\mult@gfirstbox=\box35
\mult@firstbox=\box36
\@tempa=\box37
\@tempa=\box38
\@tempa=\box39
\@tempa=\box40
\@tempa=\box41
\@tempa=\box42
\@tempa=\box43
\@tempa=\box44
\@tempa=\box45
\@tempa=\box46
\@tempa=\box47
\@tempa=\box48
\@tempa=\box49
\@tempa=\box50
\@tempa=\box51
\@tempa=\box52
\@tempa=\box53
\c@columnbadness=\count115
\c@finalcolumnbadness=\count116
\last@try=\dimen127
\multicolovershoot=\dimen128
\multicolundershoot=\dimen129
\mult@nat@firstbox=\box54
\colbreak@box=\box55
)))
(/usr/share/texmf/tex/latex/pdfpages/pdfpages.sty
Package: pdfpages 2006/08/12 v0.4a Insert pages of external PDF documents (AM)

(/usr/share/texmf/tex/latex/graphics/graphicx.sty
Package: graphicx 1999/02/16 v1.0f Enhanced LaTeX Graphics (DPC,SPQR)

(/usr/share/texmf/tex/latex/graphics/graphics.sty
Package: graphics 2006/02/20 v1.0o Standard LaTeX Graphics (DPC,SPQR)

(/usr/share/texmf/tex/latex/graphics/trig.sty
Package: trig 1999/03/16 v1.09 sin cos tan (DPC)
)
(/usr/share/texmf/tex/latex/config/graphics.cfg
File: graphics.cfg 2007/01/18 v1.5 graphics configuration of teTeX/TeXLive
)
Package graphics Info: Driver file: pdftex.def on input line 90.
)
\Gin@req@height=\dimen130
\Gin@req@width=\dimen131
)
(/usr/share/texmf/tex/latex/eso-pic/eso-pic.sty
Package: eso-pic 2006/07/14 v1.1d eso-pic (RN)

(/usr/share/texmf/tex/latex/everyshi/everyshi.sty
Package: everyshi 2001/05/15 v3.00 EveryShipout Package (MS)
))
(/usr/share/texmf/tex/latex/pdfpages/pppdftex.def
File: pppdftex.def 2006/08/12 v0.4a Pdfpages driver for pdfTeX (AM)
)
\AM@pagebox=\box56
\AM@toc@title=\toks19
\c@AM@survey=\count117
)
(/usr/share/texmf/tex/latex/amsmath/amsmath.sty
Package: amsmath 2000/07/18 v2.13 AMS math features
\@mathmargin=\skip86

For additional information on amsmath, use the `?' option.
(/usr/share/texmf/tex/latex/amsmath/amstext.sty
Package: amstext 2000/06/29 v2.01

(/usr/share/texmf/tex/latex/amsmath/amsgen.sty
File: amsgen.sty 1999/11/30 v2.0
\@emptytoks=\toks20
\ex@=\dimen132
))
(/usr/share/texmf/tex/latex/amsmath/amsbsy.sty
Package: amsbsy 1999/11/29 v1.2d
\pmbraise@=\dimen133
)
(/usr/share/texmf/tex/latex/amsmath/amsopn.sty
Package: amsopn 1999/12/14 v2.01 operator names
)
\inf@bad=\count118
LaTeX Info: Redefining \frac on input line 211.
\uproot@=\count119
\leftroot@=\count120
LaTeX Info: Redefining \overline on input line 307.
\classnum@=\count121
\DOTSCASE@=\count122
LaTeX Info: Redefining \ldots on input line 379.
LaTeX Info: Redefining \dots on input line 382.
LaTeX Info: Redefining \cdots on input line 467.
\Mathstrutbox@=\box57
\strutbox@=\box58
\big@size=\dimen134
LaTeX Font Info:    Redeclaring font encoding OML on input line 567.
LaTeX Font Info:    Redeclaring font encoding OMS on input line 568.
\macc@depth=\count123
\c@MaxMatrixCols=\count124
\dotsspace@=\muskip11
\c@parentequation=\count125
\dspbrk@lvl=\count126
\tag@help=\toks21
\row@=\count127
\column@=\count128
\maxfields@=\count129
\andhelp@=\toks22
\eqnshift@=\dimen135
\alignsep@=\dimen136
\tagshift@=\dimen137
\tagwidth@=\dimen138
\totwidth@=\dimen139
\lineht@=\dimen140
\@envbody=\toks23
\multlinegap=\skip87
\multlinetaggap=\skip88
\mathdisplay@stack=\toks24
LaTeX Info: Redefining \[ on input line 2666.
LaTeX Info: Redefining \] on input line 2667.
)
(/usr/share/texmf/tex/latex/booktabs/booktabs.sty
Package: booktabs 2005/03/16 v1.6180 publication quality tables
\heavyrulewidth=\dimen141
\lightrulewidth=\dimen142
\cmidrulewidth=\dimen143
\belowrulesep=\dimen144
\belowbottomsep=\dimen145
\aboverulesep=\dimen146
\abovetopsep=\dimen147
\cmidrulesep=\dimen148
\cmidrulekern=\dimen149
\defaultaddspace=\dimen150
\@cmidla=\count130
\@cmidlb=\count131
\@aboverulesep=\dimen151
\@belowrulesep=\dimen152
\@thisruleclass=\count132
\@lastruleclass=\count133
\@thisrulewidth=\dimen153
)
(/usr/share/texmf/tex/latex/mhchem/mhchem.sty
Package: mhchem 2016/08/07 v4.05 for typesetting chemical formulae

(/usr/share/texmf/tex/latex/l3kernel/expl3.sty
Package: expl3 2016/05/18 v6512 L3 programming layer (loader) 

(/usr/share/texmf/tex/latex/l3kernel/expl3-code.tex
Package: expl3 2016/05/18 v6512 L3 programming layer (code)
L3 Module: l3bootstrap 2016/02/12 v6412 L3 Bootstrap code
L3 Module: l3names 2016/03/11 v6433 L3 Namespace for primitives
L3 Module: l3basics 2015/11/22 v6315 L3 Basic definitions
L3 Module: l3expan 2015/09/10 v5983 L3 Argument expansion
L3 Module: l3tl 2016/03/26 v6465 L3 Token lists
L3 Module: l3str 2016/03/24 v6441 L3 Strings
L3 Module: l3seq 2015/08/05 v5777 L3 Sequences and stacks
L3 Module: l3int 2016/03/24 v6441 L3 Integers
\c_max_int=\count134
\l_tmpa_int=\count135
\l_tmpb_int=\count136
\g_tmpa_int=\count137
\g_tmpb_int=\count138
L3 Module: l3quark 2015/08/17 v5855 L3 Quarks
L3 Module: l3prg 2015/11/01 v6216 L3 Control structures
\g__prg_map_int=\count139
L3 Module: l3clist 2015/09/02 v5901 L3 Comma separated lists
L3 Module: l3token 2016/04/03 v6470 L3 Experimental token manipulation
L3 Module: l3prop 2016/01/05 v6366 L3 Property lists
L3 Module: l3msg 2016/03/26 v6464 L3 Messages
L3 Module: l3file 2016/03/25 v6458 L3 File and I/O operations
\l_iow_line_count_int=\count140
\l__iow_target_count_int=\count141
\l__iow_current_line_int=\count142
\l__iow_current_word_int=\count143
\l__iow_current_indentation_int=\count144
L3 Module: l3skip 2016/01/05 v6366 L3 Dimensions and skips
\c_zero_dim=\dimen154
\c_max_dim=\dimen155
\l_tmpa_dim=\dimen156
\l_tmpb_dim=\dimen157
\g_tmpa_dim=\dimen158
\g_tmpb_dim=\dimen159
\c_zero_skip=\skip89
\c_max_skip=\skip90
\l_tmpa_skip=\skip91
\l_tmpb_skip=\skip92
\g_tmpa_skip=\skip93
\g_tmpb_skip=\skip94
\c_zero_muskip=\muskip12
\c_max_muskip=\muskip13
\l_tmpa_muskip=\muskip14
\l_tmpb_muskip=\muskip15
\g_tmpa_muskip=\muskip16
\g_tmpb_muskip=\muskip17
L3 Module: l3keys 2015/11/17 v6284 L3 Key-value interfaces
\g__keyval_level_int=\count145
\l_keys_choice_int=\count146
L3 Module: l3fp 2016/03/26 v6465 L3 Floating points
\c__fp_leading_shift_int=\count147
\c__fp_middle_shift_int=\count148
\c__fp_trailing_shift_int=\count149
\c__fp_big_leading_shift_int=\count150
\c__fp_big_middle_shift_int=\count151
\c__fp_big_trailing_shift_int=\count152
\c__fp_Bigg_leading_shift_int=\count153
\c__fp_Bigg_middle_shift_int=\count154
\c__fp_Bigg_trailing_shift_int=\count155
L3 Module: l3box 2015/08/09 v5822 L3 Experimental boxes
\c_empty_box=\box59
\l_tmpa_box=\box60
\l_tmpb_box=\box61
\g_tmpa_box=\box62
\g_tmpb_box=\box63
L3 Module: l3coffins 2016/05/17 v6508 L3 Coffin code layer
\l__coffin_internal_box=\box64
\l__coffin_internal_dim=\dimen160
\l__coffin_offset_x_dim=\dimen161
\l__coffin_offset_y_dim=\dimen162
\l__coffin_x_dim=\dimen163
\l__coffin_y_dim=\dimen164
\l__coffin_x_prime_dim=\dimen165
\l__coffin_y_prime_dim=\dimen166
\c_empty_coffin=\box65
\l__coffin_aligned_coffin=\box66
\l__coffin_aligned_internal_coffin=\box67
\l_tmpa_coffin=\box68
\l_tmpb_coffin=\box69
\l__coffin_display_coffin=\box70
\l__coffin_display_coord_coffin=\box71
\l__coffin_display_pole_coffin=\box72
\l__coffin_display_offset_dim=\dimen167
\l__coffin_display_x_dim=\dimen168
\l__coffin_display_y_dim=\dimen169
L3 Module: l3color 2014/08/23 v5354 L3 Experimental color support
L3 Module: l3sys 2015/09/25 v6087 L3 Experimental system/runtime functions
L3 Module: l3candidates 2016/05/13 v6484 L3 Experimental additions to l3kernel
\l__box_top_dim=\dimen170
\l__box_bottom_dim=\dimen171
\l__box_left_dim=\dimen172
\l__box_right_dim=\dimen173
\l__box_top_new_dim=\dimen174
\l__box_bottom_new_dim=\dimen175
\l__box_left_new_dim=\dimen176
\l__box_right_new_dim=\dimen177
\l__box_internal_box=\box73
\l__coffin_bounding_shift_dim=\dimen178
\l__coffin_left_corner_dim=\dimen179
\l__coffin_right_corner_dim=\dimen180
\l__coffin_bottom_corner_dim=\dimen181
\l__coffin_top_corner_dim=\dimen182
\l__coffin_scaled_total_height_dim=\dimen183
\l__coffin_scaled_width_dim=\dimen184
L3 Module: l3luatex 2016/03/26 v6465 L3 Experimental LuaTeX-specific functions
)
(/usr/share/texmf/tex/latex_2015/l3kernel/l3pdfmode.def
File: l3pdfmode.def 2016/03/26 v6465 L3 Experimental driver: PDF mode
\l__driver_color_stack_int=\count156
))
(/usr/share/texmf/tex/latex_2015/l3packages/l3keys2e/l3keys2e.sty
Package: l3keys2e 2016/01/19 v6377 LaTeX2e option processing using LaTeX3 keys
)
(/usr/share/texmf/tex/latex_2015/l3experimental/l3str/l3regex.sty
Package: l3regex 2016/01/19 v6377 L3 Experimental regular expressions

(/usr/share/texmf/tex/latex_2015/l3experimental/l3str/l3tl-build.sty
Package: l3tl-build 2016/01/19 v6377 L3 Experimental token list construction
\l__tl_build_start_index_int=\count157
\l__tl_build_index_int=\count158
)
(/usr/share/texmf/tex/latex_2015/l3experimental/l3str/l3tl-analysis.sty
Package: l3tl-analysis 2015/11/09 v6244 L3 Experimental token lists analysis
\l__tl_analysis_normal_int=\count159
\l__tl_analysis_index_int=\count160
\l__tl_analysis_nesting_int=\count161
\l__tl_analysis_type_int=\count162
)
(/usr/share/texmf/tex/latex_2015/l3experimental/l3str/l3flag.sty
Package: l3flag 2016/01/19 v6377 L3 Experimental flags
)
(/usr/share/texmf/tex/latex_2015/l3experimental/l3str/l3str-convert.sty
Package: l3str-convert 2015/09/26 v6106 L3 Experimental string encoding convers
ions
\l__str_internal_int=\count163
\c__str_replacement_char_int=\count164
)
\l__regex_internal_a_int=\count165
\l__regex_internal_b_int=\count166
\l__regex_internal_c_int=\count167
\l__regex_balance_int=\count168
\l__regex_group_level_int=\count169
\l__regex_mode_int=\count170
\l__regex_catcodes_int=\count171
\l__regex_default_catcodes_int=\count172
\c__regex_catcode_D_int=\count173
\c__regex_catcode_S_int=\count174
\c__regex_catcode_L_int=\count175
\c__regex_catcode_O_int=\count176
\c__regex_catcode_A_int=\count177
\c__regex_all_catcodes_int=\count178
\l__regex_show_lines_int=\count179
\l__regex_min_state_int=\count180
\l__regex_max_state_int=\count181
\l__regex_left_state_int=\count182
\l__regex_right_state_int=\count183
\l__regex_capturing_group_int=\count184
\l__regex_min_pos_int=\count185
\l__regex_max_pos_int=\count186
\l__regex_current_pos_int=\count187
\l__regex_start_pos_int=\count188
\l__regex_success_pos_int=\count189
\l__regex_current_char_int=\count190
\l__regex_current_catcode_int=\count191
\l__regex_last_char_int=\count192
\l__regex_case_changed_char_int=\count193
\l__regex_current_state_int=\count194
\l__regex_step_int=\count195
\l__regex_min_active_int=\count196
\l__regex_max_active_int=\count197
\l__regex_replacement_csnames_int=\count198
\l__regex_match_count_int=\count199
\l__regex_submatch_int=\count200
\l__regex_zeroth_submatch_int=\count201
)
(/usr/share/texmf/tex/latex_2015/chemgreek/chemgreek.sty
(/usr/share/texmf/tex/latex_2015/l3packages/xparse/xparse.sty
Package: xparse 2016/01/19 v6377 L3 Experimental document command parser
Normal \count register pool exhausted, switching to extended pool.
\l__xparse_current_arg_int=\count277
\l__xparse_m_args_int=\count278
\l__xparse_mandatory_args_int=\count279
\l__xparse_processor_int=\count280
\l__xparse_v_nesting_int=\count281
)
Package: chemgreek 2016/01/07 v1.0d interfaceforuprightgreeklettersforuseinchem
istry (CN)
\l__chemgreek_tmpa_int=\count282
\g__chemgreek_tmpa_int=\count283
.................................................
. LaTeX info: "xparse/define-command"
. 
. Defining command \newchemgreekmapping with sig. 'O{}mm' on line 336.
.................................................
.................................................
. LaTeX info: "xparse/define-command"
. 
. Defining command \renewchemgreekmapping with sig. 'O{}mm' on line 339.
.................................................
.................................................
. LaTeX info: "xparse/define-command"
. 
. Defining command \declarechemgreekmapping with sig. 'O{}mm' on line 342.
.................................................
.................................................
. LaTeX info: "xparse/define-command"
. 
. Defining command \newchemgreekmappingalias with sig. 'mm' on line 347.
.................................................
.................................................
. LaTeX info: "xparse/define-command"
. 
. Defining command \renewchemgreekmappingalias with sig. 'mm' on line 350.
.................................................
.................................................
. LaTeX info: "xparse/define-command"
. 
. Defining command \declarechemgreekmappingalias with sig. 'mm' on line 353.
.................................................
.................................................
. LaTeX info: "xparse/define-command"
. 
. Defining command \changechemgreeksymbol with sig. 'mmmm' on line 383.
.................................................
.................................................
. LaTeX info: "xparse/define-command"
. 
. Defining command \chemgreekmappingsymbol with sig. 'mm' on line 477.
.................................................
.................................................
. LaTeX info: "xparse/define-command"
. 
. Defining command \activatechemgreekmapping with sig. 'sm' on line 486.
.................................................
.................................................
. LaTeX info: "xparse/define-command"
. 
. Defining command \selectchemgreekmapping with sig. 'm' on line 491.
.................................................
)

LaTeX Warning: You have requested, on input line 36, version
               `2016/02/10' of package chemgreek,
               but only version
               `2016/01/07 v1.0d interfaceforuprightgreeklettersforuseinchemist
ry (CN)'
               is available.

\l__mhchem_ce_distanceFromLastComma_int=\count284
\__mhchem_arrow_extPgfLength_skip=\skip95
\mhchem@minispace@tmp=\skip96
\mhchem@minibackspace@tmp=\skip97
\mhchem@bondwidth=\skip98
\mhchem@bondheight=\skip99
\mhchem@smallbondwidth@tmpA=\skip100
\mhchem@smallbondwidth@tmpB=\skip101
\mhchem@smallbondwidth=\skip102
\mhchem@bondtmp@minussidebearingleft=\skip103
\mhchem@bondtmp@minussidebearingright=\skip104
\l__mhchem_option_version_int=\count285
\mhchem@option@minusmathsidebearingleft=\dimen185
\mhchem@option@minusmathsidebearingright=\dimen186
\mhchem@option@minustextsidebearingleft=\dimen187
\mhchem@option@minustextsidebearingright=\dimen188
) (/usr/share/R/texmf/tex/latex/Sweave.sty
Package: Sweave 

(/usr/share/texmf/tex/latex/fancyvrb/fancyvrb.sty
Package: fancyvrb 1998/07/17

Style option: `fancyvrb' v2.6, with DG/SPQR fixes <1998/07/17> (tvz)
\FV@CodeLineNo=\count286
\FV@InFile=\read1
\FV@TabBox=\box74
\c@FancyVerbLine=\count287
\FV@StepNumber=\count288
\FV@OutFile=\write3

No file fancyvrb.cfg.
) (/usr/share/texmf/tex/latex/base/fontenc.sty
Package: fontenc 2005/09/27 v1.99g Standard LaTeX package

(/usr/share/texmf/tex/latex/base/t1enc.def
File: t1enc.def 2005/09/27 v1.99g Standard LaTeX file
LaTeX Font Info:    Redeclaring font encoding T1 on input line 43.
))
(/usr/share/texmf/tex/latex/ae/ae.sty
Package: ae 2001/02/12 1.3 Almost European Computer Modern

(/usr/share/texmf/tex/latex/base/fontenc.sty
Package: fontenc 2005/09/27 v1.99g Standard LaTeX package

(/usr/share/texmf/tex/latex/base/t1enc.def
File: t1enc.def 2005/09/27 v1.99g Standard LaTeX file
LaTeX Font Info:    Redeclaring font encoding T1 on input line 43.
)
LaTeX Font Info:    Try loading font information for T1+aer on input line 100.

(/usr/share/texmf/tex/latex/ae/t1aer.fd
File: t1aer.fd 1997/11/16 Font definitions for T1/aer.
))))
No file Soil_Texture_Analysis_160815.aux.
\openout1 = `Soil_Texture_Analysis_160815.aux'.

LaTeX Font Info:    Checking defaults for OML/cmm/m/it on input line 40.
LaTeX Font Info:    ... okay on input line 40.
LaTeX Font Info:    Checking defaults for T1/cmr/m/n on input line 40.
LaTeX Font Info:    ... okay on input line 40.
LaTeX Font Info:    Checking defaults for OT1/cmr/m/n on input line 40.
LaTeX Font Info:    ... okay on input line 40.
LaTeX Font Info:    Checking defaults for OMS/cmsy/m/n on input line 40.
LaTeX Font Info:    ... okay on input line 40.
LaTeX Font Info:    Checking defaults for OMX/cmex/m/n on input line 40.
LaTeX Font Info:    ... okay on input line 40.
LaTeX Font Info:    Checking defaults for U/cmr/m/n on input line 40.
LaTeX Font Info:    ... okay on input line 40.
LaTeX Font Info:    Checking defaults for PD1/pdf/m/n on input line 40.
LaTeX Font Info:    ... okay on input line 40.
LaTeX Font Info:    Checking defaults for PU/pdf/m/n on input line 40.
LaTeX Font Info:    ... okay on input line 40.
LaTeX Font Info:    Checking defaults for TS1/cmr/m/n on input line 40.
LaTeX Font Info:    Try loading font information for TS1+cmr on input line 40.
(/usr/share/texmf/tex/latex/base/ts1cmr.fd
File: ts1cmr.fd 1999/05/25 v2.5h Standard LaTeX font definitions
)
LaTeX Font Info:    ... okay on input line 40.
Package hyperref Info: Link coloring OFF on input line 40.

(/usr/share/texmf/tex/latex/hyperref/nameref.sty
Package: nameref 2006/12/27 v2.28 Cross-referencing by name of section

(/usr/share/texmf/tex/latex/oberdiek/refcount.sty
Package: refcount 2006/02/20 v3.0 Data extraction from references (HO)
)
\c@section@level=\count289
)
LaTeX Info: Redefining \ref on input line 40.
LaTeX Info: Redefining \pageref on input line 40.
\@outlinefile=\write4
\openout4 = `Soil_Texture_Analysis_160815.out'.

LaTeX Info: Redefining \selectfont on input line 40.

*geometry* driver: auto-detecting
*geometry* detected driver: pdftex
*geometry* verbose mode - [ preamble ] result:
* driver: pdftex
* paper: letterpaper
* layout: <same size as paper>
* layoutoffset:(h,v)=(0.0pt,0.0pt)
* modes: twoside asymmetric 
* h-part:(L,W,R)=(72.26999pt, 312.0pt, 230.02501pt)
* v-part:(T,H,B)=(72.26999pt, 616.0pt, 106.7pt)
* \paperwidth=614.295pt
* \paperheight=794.96999pt
* \textwidth=312.0pt
* \textheight=616.0pt
* \oddsidemargin=0.0pt
* \evensidemargin=0.0pt
* \topmargin=-42.0pt
* \headheight=14.0pt
* \headsep=28.0pt
* \topskip=10.0pt
* \footskip=30.0pt
* \marginparwidth=144.0pt
* \marginparsep=24.0pt
* \columnsep=10.0pt
* \skip\footins=9.0pt plus 4.0pt minus 2.0pt
* \hoffset=0.0pt
* \voffset=0.0pt
* \mag=1000
* \@twocolumnfalse
* \@twosidetrue
* \@mparswitchfalse
* \@reversemarginfalse
* (1in=72.27pt=25.4mm, 1cm=28.453pt)

\langwohyphens=\language48
ABD: EveryShipout initializing macros
.................................................
. chemgreek info: "mapping-activated"
. 
. Activating mapping `default' on line 40.
.................................................

(./Soil_Texture_Analysis_160815-concordance.tex)

LaTeX Warning: Reference `fig:8stainless_sieve' on page 1 undefined on input li
ne 63.

<graphics/8stainless_sieve.jpg, id=8, 361.35pt x 327.2225pt>
File: graphics/8stainless_sieve.jpg Graphic file (type jpg)

<use graphics/8stainless_sieve.jpg>
LaTeX Font Info:    Try loading font information for OT1+pplx on input line 69.


(/usr/share/texmf/tex/latex/psnfss/ot1pplx.fd
File: ot1pplx.fd 2004/09/06 font definitions for OT1/pplx.
)
LaTeX Font Info:    Try loading font information for OML+zplm on input line 69.


(/usr/share/texmf/tex/latex/psnfss/omlzplm.fd
File: omlzplm.fd 2002/09/08 Fontinst v1.914 font definitions for OML/zplm.
)
LaTeX Font Info:    Try loading font information for OMS+zplm on input line 69.


(/usr/share/texmf/tex/latex/psnfss/omszplm.fd
File: omszplm.fd 2002/09/08 Fontinst v1.914 font definitions for OMS/zplm.
)
LaTeX Font Info:    Try loading font information for OMX+zplm on input line 69.


(/usr/share/texmf/tex/latex/psnfss/omxzplm.fd
File: omxzplm.fd 2002/09/08 Fontinst v1.914 font definitions for OMX/zplm.
)
LaTeX Font Info:    Try loading font information for OT1+zplm on input line 69.


(/usr/share/texmf/tex/latex/psnfss/ot1zplm.fd
File: ot1zplm.fd 2002/09/08 Fontinst v1.914 font definitions for OT1/zplm.
)
Overfull \hbox (172.4046pt too wide) in paragraph at lines 72--83
[][] 
 []


Package natbib Warning: Citation `gee1986particle' on page 1 undefined on input
 line 86.


Package natbib Warning: Citation `day1965particle' on page 1 undefined on input
 line 86.


Package natbib Warning: Citation `beretta2014soil' on page 1 undefined on input
 line 86.


Package natbib Warning: Citation `standard2007d422' on page 1 undefined on inpu
t line 86.

<Soil_Texture_Analysis_160815-USDATT.pdf, id=9, 433.62pt x 433.62pt>
File: Soil_Texture_Analysis_160815-USDATT.pdf Graphic file (type pdf)

<use Soil_Texture_Analysis_160815-USDATT.pdf> [1

{/usr/share/texmf/fonts/map/pdftex/updmap/pdftex.map} <./graphics/8stainless_si
eve.jpg>]

Package natbib Warning: Citation `hillel1998environmental' on page 2 undefined 
on input line 96.


LaTeX Warning: Marginpar on page 2 moved.

[2 <./Soil_Texture_Analysis_160815-USDATT.pdf>]

LaTeX Warning: Marginpar on page 3 moved.


LaTeX Warning: Reference `eq:Fr' on page 3 undefined on input line 113.


LaTeX Warning: Reference `eq:Fg' on page 3 undefined on input line 113.


LaTeX Warning: Reference `eq:mu_t' on page 3 undefined on input line 137.

[3]

LaTeX Warning: Reference `fig:Hydrometer151H' on page 4 undefined on input line
 192.

[4] <graphics/Hydrometer151H.jpg, id=72, 602.25pt x 602.25pt>
File: graphics/Hydrometer151H.jpg Graphic file (type jpg)

<use graphics/Hydrometer151H.jpg>

LaTeX Warning: Marginpar on page 5 moved.


LaTeX Warning: Reference `fig:Hydro' on page 5 undefined on input line 212.


LaTeX Warning: Reference `fig:Hydro' on page 5 undefined on input line 222.

[5 <./graphics/Hydrometer151H.jpg>]

pdfTeX warning: /usr/bin/pdflatex (file ./graphics/Hydro.pdf): PDF inclusion: f
ound PDF version <1.6>, but at most version <1.4> allowed
<graphics/Hydro.pdf, id=81, 354.32375pt x 385.44pt>
File: graphics/Hydro.pdf Graphic file (type pdf)
 <use graphics/Hydro.pdf>

LaTeX Warning: Marginpar on page 6 moved.


LaTeX Warning: Reference `eq:archmidies' on page 6 undefined on input line 230.



LaTeX Warning: Reference `eq:massdisplaced' on page 6 undefined on input line 2
36.


LaTeX Warning: Reference `eq:hydrometer' on page 6 undefined on input line 236.



LaTeX Warning: Reference `eq:massdisplaced' on page 6 undefined on input line 2
42.


LaTeX Warning: Reference `eq:RD1' on page 6 undefined on input line 242.


LaTeX Warning: Reference `eq:RD2' on page 6 undefined on input line 248.


LaTeX Warning: Reference `eq:RD3' on page 6 undefined on input line 254.


Package natbib Warning: Citation `standard2007d422' on page 6 undefined on inpu
t line 262.


LaTeX Warning: Reference `eq:effectivedepth' on page 6 undefined on input line 
270.

[6 <./graphics/Hydro.pdf>]
LaTeX Font Info:    Try loading font information for T1+aett on input line 273.

 (/usr/share/texmf/tex/latex/ae/t1aett.fd
File: t1aett.fd 1997/11/16 Font definitions for T1/aett.
)

LaTeX Warning: Marginpar on page 7 moved.


LaTeX Warning: Marginpar on page 7 moved.


LaTeX Warning: Marginpar on page 7 moved.

[7]
LaTeX Font Info:    Try loading font information for TS1+aer on input line 310.

 (/usr/share/R/texmf/tex/latex/ts1aer.fd
File: ts1aer.fd 
)
LaTeX Font Info:    Font shape `TS1/aer/m/n' in size <10> not available
(Font)              Font shape `TS1/cmr/m/n' tried instead on input line 310.
 [8] [9]
<Soil_Texture_Analysis_160815-simplifiedgraph.pdf, id=120, 433.62pt x 433.62pt>
File: Soil_Texture_Analysis_160815-simplifiedgraph.pdf Graphic file (type pdf)
<use Soil_Texture_Analysis_160815-simplifiedgraph.pdf>

LaTeX Warning: Reference `fig.De_vs_PF' on page 10 undefined on input line 412.


[10 <./Soil_Texture_Analysis_160815-simplifiedgraph.pdf>]
<Soil_Texture_Analysis_160815-TTPlot.pdf, id=138, 433.62pt x 433.62pt>
File: Soil_Texture_Analysis_160815-TTPlot.pdf Graphic file (type pdf)

<use Soil_Texture_Analysis_160815-TTPlot.pdf> [11 <./Soil_Texture_Analysis_1608
15-TTPlot.pdf>]

Package natbib Warning: There were undefined citations.


Package bibentry Warning: You have used \nobibliography* 
(bibentry)                without a following \bibliography.
(bibentry)                You may not be able to run BibTeX.

(./Soil_Texture_Analysis_160815.aux)

LaTeX Warning: There were undefined references.


LaTeX Warning: Label(s) may have changed. Rerun to get cross-references right.

 ) 
Here is how much of TeX's memory you used:
 17982 strings out of 256214
 309653 string characters out of 1917000
 387657 words of memory out of 1500000
 20830 multiletter control sequences out of 10000+200000
 69013 words of font info for 134 fonts, out of 1200000 for 2000
 645 hyphenation exceptions out of 8191
 46i,11n,47p,10370b,552s stack positions out of 5000i,500n,6000p,200000b,15000s
 </home/CAMPUS/mwl04747/.texlive2007/texmf-var/fonts/pk/ljfour/jknappen/ec/tc
rm1000.600pk>{/usr/share/texmf/fonts/enc/dvips/base/8r.enc}</usr/share/texmf/fo
nts/type1/bluesky/cm/cmbx10.pfb></usr/share/texmf/fonts/type1/bluesky/cm/cmbx8.
pfb></usr/share/texmf/fonts/type1/bluesky/cm/cmcsc10.pfb></usr/share/texmf/font
s/type1/bluesky/cm/cmex10.pfb></usr/share/texmf/fonts/type1/bluesky/cm/cmmi10.p
fb></usr/share/texmf/fonts/type1/bluesky/cm/cmr10.pfb></usr/share/texmf/fonts/t
ype1/bluesky/cm/cmr5.pfb></usr/share/texmf/fonts/type1/bluesky/cm/cmr7.pfb></us
r/share/texmf/fonts/type1/bluesky/cm/cmr8.pfb></usr/share/texmf/fonts/type1/blu
esky/cm/cmr9.pfb></usr/share/texmf/fonts/type1/bluesky/cm/cmsy10.pfb></usr/shar
e/texmf/fonts/type1/bluesky/cm/cmti10.pfb></usr/share/texmf/fonts/type1/bluesky
/cm/cmti12.pfb></usr/share/texmf/fonts/type1/bluesky/cm/cmtt10.pfb></usr/share/
texmf/fonts/type1/public/mathpazo/fplmr.pfb></usr/share/texmf/fonts/type1/publi
c/mathpazo/fplmri.pfb></usr/share/texmf/fonts/type1/urw/palatino/uplr8a.pfb></u
sr/share/texmf/fonts/type1/urw/palatino/uplri8a.pfb>
Output written on Soil_Texture_Analysis_160815.pdf (11 pages, 260595 bytes).
PDF statistics:
 226 PDF objects out of 1000 (max. 8388607)
 63 named destinations out of 1000 (max. 131072)
 51 words of extra memory for PDF output out of 10000 (max. 10000000)

